1: 4469
2: 6956
3: 23413
4: 8753
5: 14379
6: 3040
7: 2506
8: 2628
9: 1859
10: 4145
11: 3606
12: 7534
13: 4729
14: 6080
15: 61767
16: 20017
17: 6942
18: 13353
19: 7799
20: 2348
21: 4725
22: 5101
23: 5164
24: 3572
25: 66065
26: 27050
27: 17382
28: 11860
29: 8661
30: 11804
31: 52729
32: 15934
33: 14640
34: 30172
35: 17465
36: 8365
37: 9917
38: 5249
39: 6408
40: 7722
41: 5327
42: 4562
43: 5909
44: 9631
45: 4823
46: 12283
47: 21514
48: 12739
49: 119266
50: 20724
51: 2963
52: 19846
53: 24827
54: 21264
55: 8492
56: 21486
57: 45571
58: 14933
59: 4949
60: 4427
61: 100042
62: 4811
63: 15781
64: 19438
65: 9607
66: 22301
67: 29524
68: 68947
69: 4049
70: 4721
71: 4413
72: 16391
73: 228103
74: 18169
75: 11517
76: 92207
77: 40297
78: 71281
79: 36373
80: 78778
81: 73629
82: 62364
83: 75268
84: 62506
85: 22122
86: 68384
87: 36048
88: 51519
89: 19177
90: 37650
91: 43793
92: 36922
93: 34834
94: 100869
95: 4735
96: 9492
97: 24749
98: 21367
99: 26929
100: 37687
101: 10977
102: 6480
103: 204949
104: 108434
105: 17524
106: 15395
107: 21092
108: 10234
109: 6154
110: 6115
111: 7453
112: 22463
113: 15187
114: 10031
115: 6796
116: 5651
117: 26554
118: 48743
119: 33030
120: 27620
121: 5926
122: 116711
123: 9049
124: 13372
125: 6136
126: 5453
127: 5560
128: 6712
129: 7476
130: 6978
131: 6558
132: 4884
133: 4655
134: 3738
135: 10996
136: 184098
137: 10726
138: 26517
139: 20553
140: 15288
141: 9564
142: 8525
143: 6808
144: 9547
145: 21120
146: 10056
147: 7513
148: 48105
149: 22817
150: 16882
151: 22769
152: 23807
153: 137038
154: 11237
155: 7969
156: 49850
157: 33233
158: 15932
159: 22212
160: 17259
161: 32249
162: 31808
163: 8096
164: 66583
165: 25445
166: 31306
167: 65400
168: 44751
169: 63251
170: 49819
171: 92668
172: 44660
173: 220881
174: 280216
175: 37942
176: 273229
177: 42853
178: 30930
179: 32254
180: 87036
181: 102468
182: 193306
183: 45025
184: 99065
185: 89752
186: 188366
187: 681944
188: 90867
189: 3507877
190: 125911
191: 79269
192: 241940
193: 441680
194: 253739
195: 147125
196: 320316
197: 208592
198: 110710
199: 643394
200: 1243270
201: 2281728
202: 639782
203: 1517702
204: 1604305
205: 5661301
206: 1441224
207: 1508092
208: 2974279
209: 2156675
210: 786417
211: 2598071
212: 2598793
213: 1099888
214: 1473489
215: 2466909
216: 5921234
217: 7339329
218: 2564187
219: 5770470
220: 17915832
221: 4834429
222: 1043095
223: 2254823
224: 5292413
225: 4830737
226: 6083326
227: 8470381
228: 8014246
229: 10867399
230: 12647817
231: 12565813
232: 18379048
233: 22261724
234: 19619964
235: 19111058
236: 19545846
237: 19518552
238: 42705708
239: 51244728
240: 48710456
241: 60868352
242: 56897792
243: 60643032
244: 44398784
245: 63499436
246: 80762912
247: 86074496
248: 93842296
249: 102937752
250: 102989240
251: 99062120
252: 92532976
253: 100853624
254: 89953952
255: 94815392
256: 79744760
257: 77929264
258: 70122616
259: 74671088
260: 94352424
261: 90499256
262: 78607008
263: 101355840
264: 112912104
265: 109397976
266: 134106600
267: 108931720
268: 152300272
269: 136696016
270: 130633848
271: 195225664
272: 144512336
273: 132504000
274: 151192464
275: 151288032
276: 147188016
277: 168158160
278: 157387344
279: 191110432
280: 185183792
281: 222627840
282: 198124112
283: 131002976
284: 149853216
285: 177521152
286: 151782064
287: 103427240
288: 155766176
289: 115777472
290: 111170600
291: 112777936
292: 145180848
293: 193138960
294: 183907056
295: 234587648
296: 167476144
297: 177350160
298: 158139936
299: 183296352
300: 190745328
301: 180400656
302: 238989248
303: 250456944
304: 238112000
305: 363297472
306: 284869024
307: 314608608
308: 359338016
309: 324793888
310: 379085504
311: 380486528
312: 345052096
313: 410781280
314: 452689024
315: 393849088
316: 455036608
317: 436331392
318: 470525760
319: 490262752
320: 492079296
321: 591433344
322: 584784128
323: 684083904
324: 604296256
325: 519945728
326: 611534848
327: 608225728
328: 670992256
329: 559201280
330: 621235328
331: 806114880
332: 816437952
333: 845745600
334: 827665280
335: 811112512
336: 763409792
337: 851096384
338: 741017152
339: 678482624
340: 670325760
341: 684371072
342: 738517312
343: 769123712
344: 665828480
345: 754657280
346: 718311808
347: 765791232
348: 764529856
349: 730250560
350: 906347008
351: 824291264
352: 1035944512
353: 988307776
354: 1093371904
355: 1335688960
356: 1337584256
357: 1294270336
358: 1410959232
359: 1317675008
360: 1350635904
361: 1257213952
362: 1326831488
363: 1801084544
364: 1701895680
365: 1382538496
366: 1492068224
367: 1323004928
368: 1364966656
369: 1402073344
370: -1000
371: -1000
372: -1000
373: -1000
374: -1000
375: -1000
376: -1000
377: -1000
